

Started GET "/" for 127.0.0.1 at Wed Jul 27 16:54:09 -0400 2011
  Processing by PagesController#home as HTML
Rendered layouts/_stylesheets.html.erb (1.6ms)
Rendered layouts/_header.html.erb (0.9ms)
Rendered layouts/_footer.html.erb (1.7ms)
Rendered pages/home.html.erb within layouts/application (12.1ms)
Completed 200 OK in 21ms (Views: 20.3ms | ActiveRecord: 0.0ms)


Started GET "/about" for 127.0.0.1 at Wed Jul 27 16:54:14 -0400 2011
  Processing by PagesController#about as HTML
Rendered layouts/_stylesheets.html.erb (1.5ms)
Rendered layouts/_header.html.erb (0.9ms)
Rendered layouts/_footer.html.erb (1.8ms)
Rendered pages/about.html.erb within layouts/application (10.4ms)
Completed 200 OK in 18ms (Views: 17.3ms | ActiveRecord: 0.0ms)


Started GET "/privacy" for 127.0.0.1 at Wed Jul 27 16:54:16 -0400 2011
  Processing by PagesController#privacy as HTML
Rendered layouts/_stylesheets.html.erb (1.4ms)
Rendered layouts/_header.html.erb (0.8ms)
Rendered layouts/_footer.html.erb (1.6ms)
Rendered pages/privacy.html.erb within layouts/application (10.1ms)
Completed 200 OK in 18ms (Views: 17.3ms | ActiveRecord: 0.0ms)


Started GET "/faq" for 127.0.0.1 at Wed Jul 27 16:54:21 -0400 2011
  Processing by PagesController#faq as HTML
Rendered layouts/_stylesheets.html.erb (1.3ms)
Rendered layouts/_header.html.erb (0.8ms)
Rendered layouts/_footer.html.erb (1.8ms)
Rendered pages/faq.html.erb within layouts/application (10.2ms)
Completed 200 OK in 44ms (Views: 44.0ms | ActiveRecord: 0.0ms)
