

Started GET "/" for 127.0.0.1 at Thu Mar 17 22:40:33 -0700 2011
  Processing by PagesController#home as HTML
Rendered layouts/_stylesheets.html.erb (1.4ms)
Rendered pages/home.html.erb within layouts/application (4.3ms)
Completed 200 OK in 61ms (Views: 60.7ms | ActiveRecord: 0.0ms)


Started GET "/stylesheets/blueprint/screen.css?1299207929" for 127.0.0.1 at Thu Mar 17 22:40:35 -0700 2011


Started GET "/stylesheets/blueprint/print.css?1299207921" for 127.0.0.1 at Thu Mar 17 22:40:35 -0700 2011


Started GET "/stylesheets/custom.css?1300426130" for 127.0.0.1 at Thu Mar 17 22:40:35 -0700 2011


Started GET "/" for 127.0.0.1 at Thu Mar 17 22:40:35 -0700 2011
  Processing by PagesController#home as HTML
Rendered layouts/_stylesheets.html.erb (3.7ms)
Rendered pages/home.html.erb within layouts/application (4.2ms)
Completed 200 OK in 6ms (Views: 4.9ms | ActiveRecord: 0.0ms)


Started GET "/" for 127.0.0.1 at Thu Mar 17 22:40:35 -0700 2011
  Processing by PagesController#home as HTML
Rendered layouts/_stylesheets.html.erb (1.0ms)
Rendered pages/home.html.erb within layouts/application (1.4ms)
Completed 200 OK in 3ms (Views: 2.0ms | ActiveRecord: 0.0ms)


Started GET "/" for 127.0.0.1 at Thu Mar 17 22:40:35 -0700 2011
  Processing by PagesController#home as HTML
Rendered layouts/_stylesheets.html.erb (1.0ms)
Rendered pages/home.html.erb within layouts/application (1.4ms)
Completed 200 OK in 2ms (Views: 2.1ms | ActiveRecord: 0.0ms)


Started GET "/asdfaf" for 127.0.0.1 at Thu Mar 17 22:40:44 -0700 2011


Started GET "/" for 127.0.0.1 at Thu Mar 17 22:40:44 -0700 2011
  Processing by PagesController#home as HTML
Rendered layouts/_stylesheets.html.erb (1.1ms)
Rendered pages/home.html.erb within layouts/application (1.6ms)
Completed 200 OK in 3ms (Views: 2.3ms | ActiveRecord: 0.0ms)


Started GET "/stylesheets/custom.css?1300426130" for 127.0.0.1 at Thu Mar 17 22:40:44 -0700 2011


Started GET "/stylesheets/blueprint/screen.css?1299207929" for 127.0.0.1 at Thu Mar 17 22:40:44 -0700 2011


Started GET "/stylesheets/blueprint/print.css?1299207921" for 127.0.0.1 at Thu Mar 17 22:40:44 -0700 2011


Started GET "/" for 127.0.0.1 at Thu Mar 17 22:40:44 -0700 2011
  Processing by PagesController#home as HTML
Rendered layouts/_stylesheets.html.erb (1.0ms)
Rendered pages/home.html.erb within layouts/application (1.4ms)
Completed 200 OK in 2ms (Views: 2.0ms | ActiveRecord: 0.0ms)


Started GET "/" for 127.0.0.1 at Thu Mar 17 22:40:44 -0700 2011
  Processing by PagesController#home as HTML
Rendered layouts/_stylesheets.html.erb (0.9ms)
Rendered pages/home.html.erb within layouts/application (1.4ms)
Completed 200 OK in 2ms (Views: 2.0ms | ActiveRecord: 0.0ms)


Started GET "/" for 127.0.0.1 at Thu Mar 17 22:40:45 -0700 2011
  Processing by PagesController#home as HTML
Rendered layouts/_stylesheets.html.erb (1.1ms)
Rendered pages/home.html.erb within layouts/application (1.7ms)
Completed 200 OK in 3ms (Views: 2.3ms | ActiveRecord: 0.0ms)


Started GET "/" for 127.0.0.1 at Thu Mar 17 22:40:55 -0700 2011
  Processing by PagesController#home as HTML
Rendered layouts/_stylesheets.html.erb (2.2ms)
Rendered pages/home.html.erb within layouts/application (3.4ms)
Completed 200 OK in 8ms (Views: 8.0ms | ActiveRecord: 0.0ms)


Started GET "/stylesheets/blueprint/screen.css?1299207929" for 127.0.0.1 at Thu Mar 17 22:40:55 -0700 2011


Started GET "/stylesheets/custom.css?1300426130" for 127.0.0.1 at Thu Mar 17 22:40:55 -0700 2011


Started GET "/stylesheets/blueprint/print.css?1299207921" for 127.0.0.1 at Thu Mar 17 22:40:55 -0700 2011


Started GET "/" for 127.0.0.1 at Thu Mar 17 22:40:58 -0700 2011
  Processing by PagesController#home as HTML
Rendered layouts/_stylesheets.html.erb (1.0ms)
Rendered pages/home.html.erb within layouts/application (1.4ms)
Completed 200 OK in 2ms (Views: 2.0ms | ActiveRecord: 0.0ms)


Started GET "/" for 127.0.0.1 at Thu Mar 17 22:40:58 -0700 2011
  Processing by PagesController#home as HTML
Rendered layouts/_stylesheets.html.erb (1.0ms)
Rendered pages/home.html.erb within layouts/application (1.4ms)
Completed 200 OK in 2ms (Views: 2.0ms | ActiveRecord: 0.0ms)


Started GET "/" for 127.0.0.1 at Thu Mar 17 22:40:58 -0700 2011
  Processing by PagesController#home as HTML
Rendered layouts/_stylesheets.html.erb (1.0ms)
Rendered pages/home.html.erb within layouts/application (1.4ms)
Completed 200 OK in 2ms (Views: 2.0ms | ActiveRecord: 0.0ms)


Started GET "/wefwefwef" for 127.0.0.1 at Thu Mar 17 22:41:07 -0700 2011


Started GET "/" for 127.0.0.1 at Thu Mar 17 22:41:08 -0700 2011
  Processing by PagesController#home as HTML
Rendered layouts/_stylesheets.html.erb (1.1ms)
Rendered pages/home.html.erb within layouts/application (1.8ms)
Completed 200 OK in 5ms (Views: 3.9ms | ActiveRecord: 0.0ms)


Started GET "/stylesheets/blueprint/screen.css?1299207929" for 127.0.0.1 at Thu Mar 17 22:41:08 -0700 2011


Started GET "/stylesheets/custom.css?1300426130" for 127.0.0.1 at Thu Mar 17 22:41:08 -0700 2011


Started GET "/stylesheets/blueprint/print.css?1299207921" for 127.0.0.1 at Thu Mar 17 22:41:08 -0700 2011


Started GET "/" for 127.0.0.1 at Thu Mar 17 22:41:08 -0700 2011
  Processing by PagesController#home as HTML
Rendered layouts/_stylesheets.html.erb (1.0ms)
Rendered pages/home.html.erb within layouts/application (1.3ms)
Completed 200 OK in 2ms (Views: 1.9ms | ActiveRecord: 0.0ms)


Started GET "/" for 127.0.0.1 at Thu Mar 17 22:41:08 -0700 2011
  Processing by PagesController#home as HTML
Rendered layouts/_stylesheets.html.erb (1.6ms)
Rendered pages/home.html.erb within layouts/application (2.1ms)
Completed 200 OK in 3ms (Views: 3.2ms | ActiveRecord: 0.0ms)


Started GET "/" for 127.0.0.1 at Thu Mar 17 22:41:08 -0700 2011
  Processing by PagesController#home as HTML
Rendered layouts/_stylesheets.html.erb (1.0ms)
Rendered pages/home.html.erb within layouts/application (1.4ms)
Completed 200 OK in 3ms (Views: 2.2ms | ActiveRecord: 0.0ms)


Started GET "/" for 127.0.0.1 at Thu Mar 17 22:42:06 -0700 2011
  Processing by PagesController#home as HTML
Rendered layouts/_stylesheets.html.erb (1.4ms)
Rendered pages/home.html.erb within layouts/application (4.2ms)
Completed 200 OK in 11ms (Views: 10.3ms | ActiveRecord: 0.0ms)


Started GET "/stylesheets/blueprint/screen.css?1299207929" for 127.0.0.1 at Thu Mar 17 22:42:06 -0700 2011


Started GET "/stylesheets/blueprint/print.css?1299207921" for 127.0.0.1 at Thu Mar 17 22:42:06 -0700 2011


Started GET "/stylesheets/custom.css?1300426130" for 127.0.0.1 at Thu Mar 17 22:42:06 -0700 2011


Started GET "/" for 127.0.0.1 at Thu Mar 17 22:42:07 -0700 2011
  Processing by PagesController#home as HTML
Rendered layouts/_stylesheets.html.erb (1.0ms)
Rendered pages/home.html.erb within layouts/application (1.4ms)
Completed 200 OK in 2ms (Views: 2.0ms | ActiveRecord: 0.0ms)


Started GET "/" for 127.0.0.1 at Thu Mar 17 22:42:07 -0700 2011
  Processing by PagesController#home as HTML
Rendered layouts/_stylesheets.html.erb (1.8ms)
Rendered pages/home.html.erb within layouts/application (2.2ms)
Completed 200 OK in 3ms (Views: 2.8ms | ActiveRecord: 0.0ms)


Started GET "/" for 127.0.0.1 at Thu Mar 17 22:42:07 -0700 2011
  Processing by PagesController#home as HTML
Rendered layouts/_stylesheets.html.erb (1.6ms)
Rendered pages/home.html.erb within layouts/application (2.1ms)
Completed 200 OK in 10ms (Views: 3.1ms | ActiveRecord: 0.0ms)


Started GET "/" for 127.0.0.1 at Thu Mar 17 22:42:08 -0700 2011
  Processing by PagesController#home as HTML
Rendered layouts/_stylesheets.html.erb (1.5ms)
Rendered pages/home.html.erb within layouts/application (1.9ms)
Completed 200 OK in 3ms (Views: 2.6ms | ActiveRecord: 0.0ms)


Started GET "/stylesheets/blueprint/screen.css?1299207929" for 127.0.0.1 at Thu Mar 17 22:42:08 -0700 2011


Started GET "/stylesheets/custom.css?1300426130" for 127.0.0.1 at Thu Mar 17 22:42:08 -0700 2011


Started GET "/stylesheets/blueprint/print.css?1299207921" for 127.0.0.1 at Thu Mar 17 22:42:08 -0700 2011


Started GET "/" for 127.0.0.1 at Thu Mar 17 22:42:08 -0700 2011
  Processing by PagesController#home as HTML
Rendered layouts/_stylesheets.html.erb (2.3ms)
Rendered pages/home.html.erb within layouts/application (3.0ms)
Completed 200 OK in 4ms (Views: 3.6ms | ActiveRecord: 0.0ms)


Started GET "/" for 127.0.0.1 at Thu Mar 17 22:42:08 -0700 2011
  Processing by PagesController#home as HTML
Rendered layouts/_stylesheets.html.erb (1.3ms)
Rendered pages/home.html.erb within layouts/application (1.8ms)
Completed 200 OK in 3ms (Views: 2.5ms | ActiveRecord: 0.0ms)


Started GET "/" for 127.0.0.1 at Thu Mar 17 22:42:08 -0700 2011
  Processing by PagesController#home as HTML
Rendered layouts/_stylesheets.html.erb (1.2ms)
Rendered pages/home.html.erb within layouts/application (2.1ms)
Completed 200 OK in 3ms (Views: 2.8ms | ActiveRecord: 0.0ms)


Started GET "/" for 127.0.0.1 at Thu Mar 17 22:42:10 -0700 2011
  Processing by PagesController#home as HTML
Rendered layouts/_stylesheets.html.erb (1.2ms)
Rendered pages/home.html.erb within layouts/application (1.6ms)
Completed 200 OK in 3ms (Views: 2.2ms | ActiveRecord: 0.0ms)


Started GET "/stylesheets/custom.css?1300426130" for 127.0.0.1 at Thu Mar 17 22:42:10 -0700 2011


Started GET "/stylesheets/blueprint/print.css?1299207921" for 127.0.0.1 at Thu Mar 17 22:42:10 -0700 2011


Started GET "/stylesheets/blueprint/screen.css?1299207929" for 127.0.0.1 at Thu Mar 17 22:42:10 -0700 2011


Started GET "/" for 127.0.0.1 at Thu Mar 17 22:42:10 -0700 2011
  Processing by PagesController#home as HTML
Rendered layouts/_stylesheets.html.erb (1.1ms)
Rendered pages/home.html.erb within layouts/application (1.5ms)
Completed 200 OK in 65ms (Views: 2.2ms | ActiveRecord: 0.0ms)


Started GET "/" for 127.0.0.1 at Thu Mar 17 22:42:10 -0700 2011
  Processing by PagesController#home as HTML
Rendered layouts/_stylesheets.html.erb (1.0ms)
Rendered pages/home.html.erb within layouts/application (1.3ms)
Completed 200 OK in 2ms (Views: 1.9ms | ActiveRecord: 0.0ms)


Started GET "/" for 127.0.0.1 at Thu Mar 17 22:42:10 -0700 2011
  Processing by PagesController#home as HTML
Rendered layouts/_stylesheets.html.erb (1.0ms)
Rendered pages/home.html.erb within layouts/application (1.4ms)
Completed 200 OK in 2ms (Views: 1.9ms | ActiveRecord: 0.0ms)


Started GET "/" for 127.0.0.1 at Thu Mar 17 22:42:15 -0700 2011
  Processing by PagesController#home as HTML
Rendered layouts/_stylesheets.html.erb (1.2ms)
Rendered pages/home.html.erb within layouts/application (1.6ms)
Completed 200 OK in 2ms (Views: 2.2ms | ActiveRecord: 0.0ms)


Started GET "/stylesheets/blueprint/screen.css?1299207929" for 127.0.0.1 at Thu Mar 17 22:42:15 -0700 2011


Started GET "/stylesheets/custom.css?1300426130" for 127.0.0.1 at Thu Mar 17 22:42:15 -0700 2011


Started GET "/stylesheets/blueprint/print.css?1299207921" for 127.0.0.1 at Thu Mar 17 22:42:15 -0700 2011


Started GET "/" for 127.0.0.1 at Thu Mar 17 22:42:15 -0700 2011
  Processing by PagesController#home as HTML
Rendered layouts/_stylesheets.html.erb (1.0ms)
Rendered pages/home.html.erb within layouts/application (1.5ms)
Completed 200 OK in 2ms (Views: 2.1ms | ActiveRecord: 0.0ms)


Started GET "/" for 127.0.0.1 at Thu Mar 17 22:42:15 -0700 2011
  Processing by PagesController#home as HTML
Rendered layouts/_stylesheets.html.erb (1.0ms)
Rendered pages/home.html.erb within layouts/application (1.4ms)
Completed 200 OK in 2ms (Views: 2.1ms | ActiveRecord: 0.0ms)


Started GET "/" for 127.0.0.1 at Thu Mar 17 22:42:15 -0700 2011
  Processing by PagesController#home as HTML
Rendered layouts/_stylesheets.html.erb (1.0ms)
Rendered pages/home.html.erb within layouts/application (1.4ms)
Completed 200 OK in 2ms (Views: 2.0ms | ActiveRecord: 0.0ms)


Started GET "/" for 127.0.0.1 at Thu Mar 17 23:14:23 -0700 2011
  Processing by PagesController#home as HTML
Rendered layouts/_stylesheets.html.erb (1.4ms)
Rendered pages/home.html.erb within layouts/application (4.4ms)
Completed 200 OK in 61ms (Views: 60.2ms | ActiveRecord: 0.0ms)


Started GET "/stylesheets/blueprint/screen.css?1300428348" for 127.0.0.1 at Thu Mar 17 23:14:24 -0700 2011


Started GET "/stylesheets/blueprint/print.css?1300428348" for 127.0.0.1 at Thu Mar 17 23:14:24 -0700 2011


Started GET "/stylesheets/custom.css?1300428413" for 127.0.0.1 at Thu Mar 17 23:14:24 -0700 2011


Started GET "/" for 127.0.0.1 at Thu Mar 17 23:14:24 -0700 2011
  Processing by PagesController#home as HTML
Rendered layouts/_stylesheets.html.erb (1.1ms)
Rendered pages/home.html.erb within layouts/application (2.4ms)
Completed 200 OK in 4ms (Views: 3.7ms | ActiveRecord: 0.0ms)


Started GET "/" for 127.0.0.1 at Thu Mar 17 23:14:24 -0700 2011
  Processing by PagesController#home as HTML
Rendered layouts/_stylesheets.html.erb (1.0ms)
Rendered pages/home.html.erb within layouts/application (1.4ms)
Completed 200 OK in 3ms (Views: 2.0ms | ActiveRecord: 0.0ms)


Started GET "/" for 127.0.0.1 at Thu Mar 17 23:14:24 -0700 2011
  Processing by PagesController#home as HTML
Rendered layouts/_stylesheets.html.erb (1.1ms)
Rendered pages/home.html.erb within layouts/application (1.6ms)
Completed 200 OK in 2ms (Views: 2.2ms | ActiveRecord: 0.0ms)


Started GET "/" for 127.0.0.1 at Thu Mar 17 23:14:44 -0700 2011
  Processing by PagesController#home as HTML
Rendered layouts/_stylesheets.html.erb (1.0ms)
Rendered pages/home.html.erb within layouts/application (1.5ms)
Completed 200 OK in 2ms (Views: 2.0ms | ActiveRecord: 0.0ms)


Started GET "/stylesheets/blueprint/screen.css?1300428348" for 127.0.0.1 at Thu Mar 17 23:14:44 -0700 2011


Started GET "/stylesheets/blueprint/print.css?1300428348" for 127.0.0.1 at Thu Mar 17 23:14:44 -0700 2011


Started GET "/stylesheets/custom.css?1300428413" for 127.0.0.1 at Thu Mar 17 23:14:44 -0700 2011


Started GET "/" for 127.0.0.1 at Thu Mar 17 23:14:44 -0700 2011
  Processing by PagesController#home as HTML
Rendered layouts/_stylesheets.html.erb (1.0ms)
Rendered pages/home.html.erb within layouts/application (1.5ms)
Completed 200 OK in 2ms (Views: 2.2ms | ActiveRecord: 0.0ms)


Started GET "/" for 127.0.0.1 at Thu Mar 17 23:14:44 -0700 2011
  Processing by PagesController#home as HTML
Rendered layouts/_stylesheets.html.erb (1.0ms)
Rendered pages/home.html.erb within layouts/application (1.4ms)
Completed 200 OK in 2ms (Views: 2.0ms | ActiveRecord: 0.0ms)


Started GET "/" for 127.0.0.1 at Thu Mar 17 23:14:44 -0700 2011
  Processing by PagesController#home as HTML
Rendered layouts/_stylesheets.html.erb (1.0ms)
Rendered pages/home.html.erb within layouts/application (1.4ms)
Completed 200 OK in 2ms (Views: 2.0ms | ActiveRecord: 0.0ms)


Started GET "/" for 127.0.0.1 at Thu Mar 17 23:15:05 -0700 2011
  Processing by PagesController#home as HTML
Rendered layouts/_stylesheets.html.erb (29.8ms)
Rendered pages/home.html.erb within layouts/application (108.8ms)
Completed 200 OK in 187ms (Views: 185.6ms | ActiveRecord: 0.0ms)
